<?xml version="1.0" encoding="UTF-8"?>
<testsuite name="com.khalfi.calculator.CalculatorTest" tests="1" skipped="0" failures="0" errors="0" timestamp="2023-12-18T20:11:48" hostname="omar-ASUS-TUF-Dash-F15-FX516PE-FX516PE" time="0.0">
  <properties/>
  <testcase name="testSum" classname="com.khalfi.calculator.CalculatorTest" time="0.0"/>
  <system-out><![CDATA[]]></system-out>
  <system-err><![CDATA[]]></system-err>
</testsuite>
